2025-06-01 12:18:13 INFO  TC001_AccountRegistrationTest:16 - **** Starting Test Case***
2025-06-01 12:18:14 INFO  TC001_AccountRegistrationTest:21 - **** Entered to the registration page ***
2025-06-01 12:18:15 INFO  TC001_AccountRegistrationTest:35 - **** Validating account creation message***
2025-06-01 12:18:16 INFO  TC001_AccountRegistrationTest:63 - **** Completed the test case***
2025-06-01 12:19:03 INFO  TC001_AccountRegistrationTest:16 - **** Starting Test Case***
2025-06-01 12:19:03 INFO  TC001_AccountRegistrationTest:21 - **** Entered to the registration page ***
2025-06-01 12:19:05 INFO  TC001_AccountRegistrationTest:35 - **** Validating account creation message***
2025-06-01 12:19:06 INFO  TC001_AccountRegistrationTest:63 - **** Completed the test case***
2025-06-01 12:19:50 INFO  TC001_AccountRegistrationTest:16 - **** Starting Test Case***
2025-06-01 12:19:51 INFO  TC001_AccountRegistrationTest:21 - **** Entered to the registration page ***
2025-06-01 12:19:52 INFO  TC001_AccountRegistrationTest:35 - **** Validating account creation message***
2025-06-01 12:19:53 INFO  TC001_AccountRegistrationTest:63 - **** Completed the test case***
2025-06-01 12:22:21 INFO  TC001_AccountRegistrationTest:16 - **** Starting Test Case***
2025-06-01 12:22:21 INFO  TC001_AccountRegistrationTest:21 - **** Entered to the registration page ***
2025-06-01 12:22:22 INFO  TC001_AccountRegistrationTest:35 - **** Validating account creation message***
2025-06-01 12:23:42 INFO  TC001_AccountRegistrationTest:16 - **** Starting Test Case***
2025-06-01 12:23:42 INFO  TC001_AccountRegistrationTest:21 - **** Entered to the registration page ***
2025-06-01 12:23:44 INFO  TC001_AccountRegistrationTest:35 - **** Validating account creation message***
2025-06-01 12:26:19 INFO  TC001_AccountRegistrationTest:16 - **** Starting Test Case***
2025-06-01 12:26:20 INFO  TC001_AccountRegistrationTest:21 - **** Entered to the registration page ***
2025-06-01 12:26:21 INFO  TC001_AccountRegistrationTest:35 - **** Validating account creation message***
2025-06-01 12:27:23 INFO  TC001_AccountRegistrationTest:16 - **** Starting Test Case***
2025-06-01 12:27:23 INFO  TC001_AccountRegistrationTest:21 - **** Entered to the registration page ***
2025-06-01 12:27:25 INFO  TC001_AccountRegistrationTest:35 - **** Validating account creation message***
2025-06-01 12:27:49 INFO  TC001_AccountRegistrationTest:16 - **** Starting Test Case***
2025-06-01 12:27:50 INFO  TC001_AccountRegistrationTest:21 - **** Entered to the registration page ***
2025-06-01 12:27:51 INFO  TC001_AccountRegistrationTest:35 - **** Validating account creation message***
2025-06-01 12:27:52 INFO  TC001_AccountRegistrationTest:68 - **** Completed the test case***
2025-06-01 12:28:14 INFO  TC001_AccountRegistrationTest:16 - **** Starting Test Case***
2025-06-01 12:28:15 INFO  TC001_AccountRegistrationTest:21 - **** Entered to the registration page ***
2025-06-01 12:28:16 INFO  TC001_AccountRegistrationTest:35 - **** Validating account creation message***
2025-06-01 12:28:18 INFO  TC001_AccountRegistrationTest:68 - **** Completed the test case***
2025-06-01 12:28:46 INFO  TC001_AccountRegistrationTest:16 - **** Starting Test Case***
2025-06-01 12:28:47 INFO  TC001_AccountRegistrationTest:21 - **** Entered to the registration page ***
2025-06-01 12:28:49 INFO  TC001_AccountRegistrationTest:35 - **** Validating account creation message***
2025-06-01 12:28:50 INFO  TC001_AccountRegistrationTest:68 - **** Completed the test case***
2025-06-01 12:45:53 INFO  TC001_AccountRegistrationTest:16 - **** Starting Test Case***
2025-06-01 12:45:54 INFO  TC001_AccountRegistrationTest:21 - **** Entered to the registration page ***
2025-06-01 12:45:55 INFO  TC001_AccountRegistrationTest:35 - **** Validating account creation message***
2025-06-01 12:45:57 INFO  TC001_AccountRegistrationTest:68 - **** Completed the test case***
2025-06-01 12:49:21 INFO  TC001_AccountRegistrationTest:16 - **** Starting Test Case***
2025-06-01 12:49:21 INFO  TC001_AccountRegistrationTest:21 - **** Entered to the registration page ***
2025-06-01 12:49:22 INFO  TC001_AccountRegistrationTest:35 - **** Validating account creation message***
2025-06-01 12:49:24 INFO  TC001_AccountRegistrationTest:68 - **** Completed the test case***
2025-06-01 12:49:31 INFO  TC001_AccountRegistrationTest:16 - **** Starting Test Case***
2025-06-01 12:49:32 INFO  TC001_AccountRegistrationTest:21 - **** Entered to the registration page ***
2025-06-01 12:49:33 INFO  TC001_AccountRegistrationTest:35 - **** Validating account creation message***
2025-06-01 12:49:34 INFO  TC001_AccountRegistrationTest:68 - **** Completed the test case***
2025-06-01 12:50:06 INFO  TC001_AccountRegistrationTest:16 - **** Starting Test Case***
2025-06-01 12:50:07 INFO  TC001_AccountRegistrationTest:21 - **** Entered to the registration page ***
2025-06-01 12:50:09 INFO  TC001_AccountRegistrationTest:35 - **** Validating account creation message***
2025-06-01 12:50:11 INFO  TC001_AccountRegistrationTest:68 - **** Completed the test case***
2025-06-01 12:51:15 INFO  TC001_AccountRegistrationTest:16 - **** Starting Test Case***
2025-06-01 12:51:16 INFO  TC001_AccountRegistrationTest:21 - **** Entered to the registration page ***
2025-06-01 12:51:17 INFO  TC001_AccountRegistrationTest:16 - **** Starting Test Case***
2025-06-01 12:51:18 INFO  TC001_AccountRegistrationTest:35 - **** Validating account creation message***
2025-06-01 12:51:18 INFO  TC001_AccountRegistrationTest:21 - **** Entered to the registration page ***
2025-06-01 12:51:19 INFO  TC001_AccountRegistrationTest:16 - **** Starting Test Case***
2025-06-01 12:51:20 INFO  TC001_AccountRegistrationTest:35 - **** Validating account creation message***
2025-06-01 12:51:20 INFO  TC001_AccountRegistrationTest:68 - **** Completed the test case***
2025-06-01 12:51:21 INFO  TC001_AccountRegistrationTest:21 - **** Entered to the registration page ***
2025-06-01 12:51:22 INFO  TC001_AccountRegistrationTest:68 - **** Completed the test case***
2025-06-01 12:51:22 INFO  TC001_AccountRegistrationTest:35 - **** Validating account creation message***
2025-06-01 12:51:23 INFO  TC001_AccountRegistrationTest:68 - **** Completed the test case***
2025-06-01 12:59:05 INFO  TC001_AccountRegistrationTest:16 - **** Starting Test Case***
2025-06-01 12:59:07 INFO  TC001_AccountRegistrationTest:21 - **** Entered to the registration page ***
2025-06-01 12:59:07 INFO  TC001_AccountRegistrationTest:16 - **** Starting Test Case***
2025-06-01 12:59:08 INFO  TC001_AccountRegistrationTest:21 - **** Entered to the registration page ***
2025-06-01 12:59:09 INFO  TC001_AccountRegistrationTest:35 - **** Validating account creation message***
2025-06-01 12:59:10 INFO  TC001_AccountRegistrationTest:35 - **** Validating account creation message***
2025-06-01 12:59:11 INFO  TC001_AccountRegistrationTest:16 - **** Starting Test Case***
2025-06-01 12:59:12 INFO  TC001_AccountRegistrationTest:68 - **** Completed the test case***
2025-06-01 12:59:12 INFO  TC001_AccountRegistrationTest:21 - **** Entered to the registration page ***
2025-06-01 12:59:12 INFO  TC001_AccountRegistrationTest:68 - **** Completed the test case***
2025-06-01 12:59:13 INFO  TC001_AccountRegistrationTest:35 - **** Validating account creation message***
2025-06-01 12:59:15 INFO  TC001_AccountRegistrationTest:68 - **** Completed the test case***
2025-06-01 14:57:32 INFO  TC001_AccountRegistrationTest:16 - **** Starting Test Case***
2025-06-01 14:57:33 INFO  TC001_AccountRegistrationTest:21 - **** Entered to the registration page ***
2025-06-01 14:57:34 INFO  TC001_AccountRegistrationTest:35 - **** Validating account creation message***
2025-06-01 14:57:34 INFO  TC001_AccountRegistrationTest:60 - **** Completed the test case***
2025-06-01 14:57:36 INFO  TC002_LoginTest:14 - *** Started login****
2025-06-01 14:58:21 INFO  TC001_AccountRegistrationTest:16 - **** Starting Test Case***
2025-06-01 14:58:21 INFO  TC001_AccountRegistrationTest:21 - **** Entered to the registration page ***
2025-06-01 14:58:22 INFO  TC001_AccountRegistrationTest:35 - **** Validating account creation message***
2025-06-01 14:58:23 INFO  TC001_AccountRegistrationTest:60 - **** Completed the test case***
2025-06-01 14:58:25 INFO  TC002_LoginTest:14 - *** Started login****
2025-06-01 14:58:26 INFO  TC002_LoginTest:29 - Completed this second test case
2025-06-01 18:09:30 INFO  TC001_AccountRegistrationTest:16 - **** Starting Test Case***
2025-06-01 18:09:31 INFO  TC001_AccountRegistrationTest:21 - **** Entered to the registration page ***
2025-06-01 18:09:32 INFO  TC001_AccountRegistrationTest:35 - **** Validating account creation message***
2025-06-01 18:09:32 INFO  TC001_AccountRegistrationTest:52 - **** Completed the test case***
2025-06-01 18:09:34 INFO  TC002_LoginTest:14 - *** Started login****
2025-06-01 18:09:36 INFO  TC002_LoginTest:30 - Completed this second test case
2025-06-01 18:12:08 INFO  TC001_AccountRegistrationTest:16 - **** Starting Test Case***
2025-06-01 18:12:08 INFO  TC001_AccountRegistrationTest:21 - **** Entered to the registration page ***
2025-06-01 18:12:10 INFO  TC001_AccountRegistrationTest:35 - **** Validating account creation message***
2025-06-01 18:12:10 INFO  TC001_AccountRegistrationTest:52 - **** Completed the test case***
2025-06-01 18:12:12 INFO  TC002_LoginTest:14 - *** Started login****
2025-06-01 18:12:14 INFO  TC002_LoginTest:30 - Completed this second test case
2025-06-01 19:12:36 DEBUG PackageRelationshipCollection:307 - Parsing relationship: /xl/_rels/workbook.xml.rels
2025-06-01 19:12:36 DEBUG PackageRelationshipCollection:307 - Parsing relationship: /xl/worksheets/_rels/sheet1.xml.rels
2025-06-01 19:12:36 DEBUG PackageRelationshipCollection:307 - Parsing relationship: /_rels/.rels
2025-06-01 19:12:36 DEBUG POIXMLFactory:65 - using default POIXMLDocumentPart for http://schemas.openxmlformats.org/officeDocument/2006/relationships/printerSettings
2025-06-01 19:12:37 DEBUG PackageRelationshipCollection:307 - Parsing relationship: /xl/_rels/workbook.xml.rels
2025-06-01 19:12:37 DEBUG PackageRelationshipCollection:307 - Parsing relationship: /xl/worksheets/_rels/sheet1.xml.rels
2025-06-01 19:12:37 DEBUG PackageRelationshipCollection:307 - Parsing relationship: /_rels/.rels
2025-06-01 19:12:37 DEBUG POIXMLFactory:65 - using default POIXMLDocumentPart for http://schemas.openxmlformats.org/officeDocument/2006/relationships/printerSettings
2025-06-01 19:12:37 DEBUG PackageRelationshipCollection:307 - Parsing relationship: /xl/_rels/workbook.xml.rels
2025-06-01 19:12:37 DEBUG PackageRelationshipCollection:307 - Parsing relationship: /xl/worksheets/_rels/sheet1.xml.rels
2025-06-01 19:12:37 DEBUG PackageRelationshipCollection:307 - Parsing relationship: /_rels/.rels
2025-06-01 19:12:37 DEBUG POIXMLFactory:65 - using default POIXMLDocumentPart for http://schemas.openxmlformats.org/officeDocument/2006/relationships/printerSettings
2025-06-01 19:12:37 DEBUG PackageRelationshipCollection:307 - Parsing relationship: /xl/_rels/workbook.xml.rels
2025-06-01 19:12:37 DEBUG PackageRelationshipCollection:307 - Parsing relationship: /xl/worksheets/_rels/sheet1.xml.rels
2025-06-01 19:12:37 DEBUG PackageRelationshipCollection:307 - Parsing relationship: /_rels/.rels
2025-06-01 19:12:37 DEBUG POIXMLFactory:65 - using default POIXMLDocumentPart for http://schemas.openxmlformats.org/officeDocument/2006/relationships/printerSettings
2025-06-01 19:12:37 DEBUG PackageRelationshipCollection:307 - Parsing relationship: /xl/_rels/workbook.xml.rels
2025-06-01 19:12:37 DEBUG PackageRelationshipCollection:307 - Parsing relationship: /xl/worksheets/_rels/sheet1.xml.rels
2025-06-01 19:12:37 DEBUG PackageRelationshipCollection:307 - Parsing relationship: /_rels/.rels
2025-06-01 19:12:37 DEBUG POIXMLFactory:65 - using default POIXMLDocumentPart for http://schemas.openxmlformats.org/officeDocument/2006/relationships/printerSettings
2025-06-01 19:12:37 DEBUG PackageRelationshipCollection:307 - Parsing relationship: /xl/_rels/workbook.xml.rels
2025-06-01 19:12:37 DEBUG PackageRelationshipCollection:307 - Parsing relationship: /xl/worksheets/_rels/sheet1.xml.rels
2025-06-01 19:12:37 DEBUG PackageRelationshipCollection:307 - Parsing relationship: /_rels/.rels
2025-06-01 19:12:37 DEBUG POIXMLFactory:65 - using default POIXMLDocumentPart for http://schemas.openxmlformats.org/officeDocument/2006/relationships/printerSettings
2025-06-01 19:12:37 DEBUG PackageRelationshipCollection:307 - Parsing relationship: /xl/_rels/workbook.xml.rels
2025-06-01 19:12:37 DEBUG PackageRelationshipCollection:307 - Parsing relationship: /xl/worksheets/_rels/sheet1.xml.rels
2025-06-01 19:12:37 DEBUG PackageRelationshipCollection:307 - Parsing relationship: /_rels/.rels
2025-06-01 19:12:37 DEBUG POIXMLFactory:65 - using default POIXMLDocumentPart for http://schemas.openxmlformats.org/officeDocument/2006/relationships/printerSettings
2025-06-01 19:12:37 DEBUG PackageRelationshipCollection:307 - Parsing relationship: /xl/_rels/workbook.xml.rels
2025-06-01 19:12:37 DEBUG PackageRelationshipCollection:307 - Parsing relationship: /xl/worksheets/_rels/sheet1.xml.rels
2025-06-01 19:12:37 DEBUG PackageRelationshipCollection:307 - Parsing relationship: /_rels/.rels
2025-06-01 19:12:37 DEBUG POIXMLFactory:65 - using default POIXMLDocumentPart for http://schemas.openxmlformats.org/officeDocument/2006/relationships/printerSettings
2025-06-01 19:12:37 DEBUG PackageRelationshipCollection:307 - Parsing relationship: /xl/_rels/workbook.xml.rels
2025-06-01 19:12:37 DEBUG PackageRelationshipCollection:307 - Parsing relationship: /xl/worksheets/_rels/sheet1.xml.rels
2025-06-01 19:12:37 DEBUG PackageRelationshipCollection:307 - Parsing relationship: /_rels/.rels
2025-06-01 19:12:37 DEBUG POIXMLFactory:65 - using default POIXMLDocumentPart for http://schemas.openxmlformats.org/officeDocument/2006/relationships/printerSettings
2025-06-01 19:12:37 DEBUG PackageRelationshipCollection:307 - Parsing relationship: /xl/_rels/workbook.xml.rels
2025-06-01 19:12:37 DEBUG PackageRelationshipCollection:307 - Parsing relationship: /xl/worksheets/_rels/sheet1.xml.rels
2025-06-01 19:12:37 DEBUG PackageRelationshipCollection:307 - Parsing relationship: /_rels/.rels
2025-06-01 19:12:37 DEBUG POIXMLFactory:65 - using default POIXMLDocumentPart for http://schemas.openxmlformats.org/officeDocument/2006/relationships/printerSettings
2025-06-01 19:12:37 DEBUG PackageRelationshipCollection:307 - Parsing relationship: /xl/_rels/workbook.xml.rels
2025-06-01 19:12:37 DEBUG PackageRelationshipCollection:307 - Parsing relationship: /xl/worksheets/_rels/sheet1.xml.rels
2025-06-01 19:12:37 DEBUG PackageRelationshipCollection:307 - Parsing relationship: /_rels/.rels
2025-06-01 19:12:37 DEBUG POIXMLFactory:65 - using default POIXMLDocumentPart for http://schemas.openxmlformats.org/officeDocument/2006/relationships/printerSettings
2025-06-01 19:12:37 DEBUG PackageRelationshipCollection:307 - Parsing relationship: /xl/_rels/workbook.xml.rels
2025-06-01 19:12:37 DEBUG PackageRelationshipCollection:307 - Parsing relationship: /xl/worksheets/_rels/sheet1.xml.rels
2025-06-01 19:12:37 DEBUG PackageRelationshipCollection:307 - Parsing relationship: /_rels/.rels
2025-06-01 19:12:37 DEBUG POIXMLFactory:65 - using default POIXMLDocumentPart for http://schemas.openxmlformats.org/officeDocument/2006/relationships/printerSettings
2025-06-01 19:12:37 DEBUG PackageRelationshipCollection:307 - Parsing relationship: /xl/_rels/workbook.xml.rels
2025-06-01 19:12:37 DEBUG PackageRelationshipCollection:307 - Parsing relationship: /xl/worksheets/_rels/sheet1.xml.rels
2025-06-01 19:12:37 DEBUG PackageRelationshipCollection:307 - Parsing relationship: /_rels/.rels
2025-06-01 19:12:37 DEBUG POIXMLFactory:65 - using default POIXMLDocumentPart for http://schemas.openxmlformats.org/officeDocument/2006/relationships/printerSettings
2025-06-01 19:12:37 DEBUG PackageRelationshipCollection:307 - Parsing relationship: /xl/_rels/workbook.xml.rels
2025-06-01 19:12:37 DEBUG PackageRelationshipCollection:307 - Parsing relationship: /xl/worksheets/_rels/sheet1.xml.rels
2025-06-01 19:12:37 DEBUG PackageRelationshipCollection:307 - Parsing relationship: /_rels/.rels
2025-06-01 19:12:37 DEBUG POIXMLFactory:65 - using default POIXMLDocumentPart for http://schemas.openxmlformats.org/officeDocument/2006/relationships/printerSettings
2025-06-01 19:12:37 DEBUG PackageRelationshipCollection:307 - Parsing relationship: /xl/_rels/workbook.xml.rels
2025-06-01 19:12:37 DEBUG PackageRelationshipCollection:307 - Parsing relationship: /xl/worksheets/_rels/sheet1.xml.rels
2025-06-01 19:12:37 DEBUG PackageRelationshipCollection:307 - Parsing relationship: /_rels/.rels
2025-06-01 19:12:37 DEBUG POIXMLFactory:65 - using default POIXMLDocumentPart for http://schemas.openxmlformats.org/officeDocument/2006/relationships/printerSettings
2025-06-01 19:12:37 DEBUG PackageRelationshipCollection:307 - Parsing relationship: /xl/_rels/workbook.xml.rels
2025-06-01 19:12:37 DEBUG PackageRelationshipCollection:307 - Parsing relationship: /xl/worksheets/_rels/sheet1.xml.rels
2025-06-01 19:12:37 DEBUG PackageRelationshipCollection:307 - Parsing relationship: /_rels/.rels
2025-06-01 19:12:37 DEBUG POIXMLFactory:65 - using default POIXMLDocumentPart for http://schemas.openxmlformats.org/officeDocument/2006/relationships/printerSettings
2025-06-01 19:12:37 DEBUG PackageRelationshipCollection:307 - Parsing relationship: /xl/_rels/workbook.xml.rels
2025-06-01 19:12:37 DEBUG PackageRelationshipCollection:307 - Parsing relationship: /xl/worksheets/_rels/sheet1.xml.rels
2025-06-01 19:12:37 DEBUG PackageRelationshipCollection:307 - Parsing relationship: /_rels/.rels
2025-06-01 19:12:37 DEBUG POIXMLFactory:65 - using default POIXMLDocumentPart for http://schemas.openxmlformats.org/officeDocument/2006/relationships/printerSettings
2025-06-01 19:12:37 INFO  TC_003_Login:14 - **** Starting TC_003_LoginDDT *****
2025-06-01 19:12:38 INFO  TC_003_Login:61 - **** Finished TC_003_LoginDDT *****
2025-06-01 19:12:38 INFO  TC_003_Login:14 - **** Starting TC_003_LoginDDT *****
2025-06-01 19:12:49 INFO  TC_003_Login:14 - **** Starting TC_003_LoginDDT *****
2025-06-01 19:12:50 INFO  TC_003_Login:14 - **** Starting TC_003_LoginDDT *****
2025-06-01 19:13:00 INFO  TC_003_Login:14 - **** Starting TC_003_LoginDDT *****
2025-06-01 19:13:01 INFO  TC_003_Login:61 - **** Finished TC_003_LoginDDT *****
2025-06-01 19:14:33 INFO  TC001_AccountRegistrationTest:16 - **** Starting Test Case***
2025-06-01 19:14:34 INFO  TC001_AccountRegistrationTest:21 - **** Entered to the registration page ***
2025-06-01 19:14:35 INFO  TC001_AccountRegistrationTest:35 - **** Validating account creation message***
2025-06-01 19:14:35 INFO  TC001_AccountRegistrationTest:52 - **** Completed the test case***
2025-06-01 19:14:36 INFO  TC002_LoginTest:14 - *** Started login****
2025-06-01 19:14:38 INFO  TC002_LoginTest:30 - Completed this second test case
2025-06-01 19:14:40 DEBUG PackageRelationshipCollection:307 - Parsing relationship: /xl/_rels/workbook.xml.rels
2025-06-01 19:14:40 DEBUG PackageRelationshipCollection:307 - Parsing relationship: /xl/worksheets/_rels/sheet1.xml.rels
2025-06-01 19:14:40 DEBUG PackageRelationshipCollection:307 - Parsing relationship: /_rels/.rels
2025-06-01 19:14:40 DEBUG POIXMLFactory:65 - using default POIXMLDocumentPart for http://schemas.openxmlformats.org/officeDocument/2006/relationships/printerSettings
2025-06-01 19:14:40 DEBUG PackageRelationshipCollection:307 - Parsing relationship: /xl/_rels/workbook.xml.rels
2025-06-01 19:14:40 DEBUG PackageRelationshipCollection:307 - Parsing relationship: /xl/worksheets/_rels/sheet1.xml.rels
2025-06-01 19:14:40 DEBUG PackageRelationshipCollection:307 - Parsing relationship: /_rels/.rels
2025-06-01 19:14:40 DEBUG POIXMLFactory:65 - using default POIXMLDocumentPart for http://schemas.openxmlformats.org/officeDocument/2006/relationships/printerSettings
2025-06-01 19:14:40 DEBUG PackageRelationshipCollection:307 - Parsing relationship: /xl/_rels/workbook.xml.rels
2025-06-01 19:14:40 DEBUG PackageRelationshipCollection:307 - Parsing relationship: /xl/worksheets/_rels/sheet1.xml.rels
2025-06-01 19:14:40 DEBUG PackageRelationshipCollection:307 - Parsing relationship: /_rels/.rels
2025-06-01 19:14:40 DEBUG POIXMLFactory:65 - using default POIXMLDocumentPart for http://schemas.openxmlformats.org/officeDocument/2006/relationships/printerSettings
2025-06-01 19:14:40 DEBUG PackageRelationshipCollection:307 - Parsing relationship: /xl/_rels/workbook.xml.rels
2025-06-01 19:14:40 DEBUG PackageRelationshipCollection:307 - Parsing relationship: /xl/worksheets/_rels/sheet1.xml.rels
2025-06-01 19:14:40 DEBUG PackageRelationshipCollection:307 - Parsing relationship: /_rels/.rels
2025-06-01 19:14:40 DEBUG POIXMLFactory:65 - using default POIXMLDocumentPart for http://schemas.openxmlformats.org/officeDocument/2006/relationships/printerSettings
2025-06-01 19:14:40 DEBUG PackageRelationshipCollection:307 - Parsing relationship: /xl/_rels/workbook.xml.rels
2025-06-01 19:14:40 DEBUG PackageRelationshipCollection:307 - Parsing relationship: /xl/worksheets/_rels/sheet1.xml.rels
2025-06-01 19:14:40 DEBUG PackageRelationshipCollection:307 - Parsing relationship: /_rels/.rels
2025-06-01 19:14:40 DEBUG POIXMLFactory:65 - using default POIXMLDocumentPart for http://schemas.openxmlformats.org/officeDocument/2006/relationships/printerSettings
2025-06-01 19:14:40 DEBUG PackageRelationshipCollection:307 - Parsing relationship: /xl/_rels/workbook.xml.rels
2025-06-01 19:14:40 DEBUG PackageRelationshipCollection:307 - Parsing relationship: /xl/worksheets/_rels/sheet1.xml.rels
2025-06-01 19:14:40 DEBUG PackageRelationshipCollection:307 - Parsing relationship: /_rels/.rels
2025-06-01 19:14:40 DEBUG POIXMLFactory:65 - using default POIXMLDocumentPart for http://schemas.openxmlformats.org/officeDocument/2006/relationships/printerSettings
2025-06-01 19:14:40 DEBUG PackageRelationshipCollection:307 - Parsing relationship: /xl/_rels/workbook.xml.rels
2025-06-01 19:14:40 DEBUG PackageRelationshipCollection:307 - Parsing relationship: /xl/worksheets/_rels/sheet1.xml.rels
2025-06-01 19:14:40 DEBUG PackageRelationshipCollection:307 - Parsing relationship: /_rels/.rels
2025-06-01 19:14:40 DEBUG POIXMLFactory:65 - using default POIXMLDocumentPart for http://schemas.openxmlformats.org/officeDocument/2006/relationships/printerSettings
2025-06-01 19:14:40 DEBUG PackageRelationshipCollection:307 - Parsing relationship: /xl/_rels/workbook.xml.rels
2025-06-01 19:14:40 DEBUG PackageRelationshipCollection:307 - Parsing relationship: /xl/worksheets/_rels/sheet1.xml.rels
2025-06-01 19:14:40 DEBUG PackageRelationshipCollection:307 - Parsing relationship: /_rels/.rels
2025-06-01 19:14:40 DEBUG POIXMLFactory:65 - using default POIXMLDocumentPart for http://schemas.openxmlformats.org/officeDocument/2006/relationships/printerSettings
2025-06-01 19:14:40 DEBUG PackageRelationshipCollection:307 - Parsing relationship: /xl/_rels/workbook.xml.rels
2025-06-01 19:14:40 DEBUG PackageRelationshipCollection:307 - Parsing relationship: /xl/worksheets/_rels/sheet1.xml.rels
2025-06-01 19:14:40 DEBUG PackageRelationshipCollection:307 - Parsing relationship: /_rels/.rels
2025-06-01 19:14:40 DEBUG POIXMLFactory:65 - using default POIXMLDocumentPart for http://schemas.openxmlformats.org/officeDocument/2006/relationships/printerSettings
2025-06-01 19:14:40 DEBUG PackageRelationshipCollection:307 - Parsing relationship: /xl/_rels/workbook.xml.rels
2025-06-01 19:14:40 DEBUG PackageRelationshipCollection:307 - Parsing relationship: /xl/worksheets/_rels/sheet1.xml.rels
2025-06-01 19:14:40 DEBUG PackageRelationshipCollection:307 - Parsing relationship: /_rels/.rels
2025-06-01 19:14:40 DEBUG POIXMLFactory:65 - using default POIXMLDocumentPart for http://schemas.openxmlformats.org/officeDocument/2006/relationships/printerSettings
2025-06-01 19:14:40 DEBUG PackageRelationshipCollection:307 - Parsing relationship: /xl/_rels/workbook.xml.rels
2025-06-01 19:14:40 DEBUG PackageRelationshipCollection:307 - Parsing relationship: /xl/worksheets/_rels/sheet1.xml.rels
2025-06-01 19:14:40 DEBUG PackageRelationshipCollection:307 - Parsing relationship: /_rels/.rels
2025-06-01 19:14:41 DEBUG POIXMLFactory:65 - using default POIXMLDocumentPart for http://schemas.openxmlformats.org/officeDocument/2006/relationships/printerSettings
2025-06-01 19:14:41 DEBUG PackageRelationshipCollection:307 - Parsing relationship: /xl/_rels/workbook.xml.rels
2025-06-01 19:14:41 DEBUG PackageRelationshipCollection:307 - Parsing relationship: /xl/worksheets/_rels/sheet1.xml.rels
2025-06-01 19:14:41 DEBUG PackageRelationshipCollection:307 - Parsing relationship: /_rels/.rels
2025-06-01 19:14:41 DEBUG POIXMLFactory:65 - using default POIXMLDocumentPart for http://schemas.openxmlformats.org/officeDocument/2006/relationships/printerSettings
2025-06-01 19:14:41 DEBUG PackageRelationshipCollection:307 - Parsing relationship: /xl/_rels/workbook.xml.rels
2025-06-01 19:14:41 DEBUG PackageRelationshipCollection:307 - Parsing relationship: /xl/worksheets/_rels/sheet1.xml.rels
2025-06-01 19:14:41 DEBUG PackageRelationshipCollection:307 - Parsing relationship: /_rels/.rels
2025-06-01 19:14:41 DEBUG POIXMLFactory:65 - using default POIXMLDocumentPart for http://schemas.openxmlformats.org/officeDocument/2006/relationships/printerSettings
2025-06-01 19:14:41 DEBUG PackageRelationshipCollection:307 - Parsing relationship: /xl/_rels/workbook.xml.rels
2025-06-01 19:14:41 DEBUG PackageRelationshipCollection:307 - Parsing relationship: /xl/worksheets/_rels/sheet1.xml.rels
2025-06-01 19:14:41 DEBUG PackageRelationshipCollection:307 - Parsing relationship: /_rels/.rels
2025-06-01 19:14:41 DEBUG POIXMLFactory:65 - using default POIXMLDocumentPart for http://schemas.openxmlformats.org/officeDocument/2006/relationships/printerSettings
2025-06-01 19:14:41 DEBUG PackageRelationshipCollection:307 - Parsing relationship: /xl/_rels/workbook.xml.rels
2025-06-01 19:14:41 DEBUG PackageRelationshipCollection:307 - Parsing relationship: /xl/worksheets/_rels/sheet1.xml.rels
2025-06-01 19:14:41 DEBUG PackageRelationshipCollection:307 - Parsing relationship: /_rels/.rels
2025-06-01 19:14:41 DEBUG POIXMLFactory:65 - using default POIXMLDocumentPart for http://schemas.openxmlformats.org/officeDocument/2006/relationships/printerSettings
2025-06-01 19:14:41 DEBUG PackageRelationshipCollection:307 - Parsing relationship: /xl/_rels/workbook.xml.rels
2025-06-01 19:14:41 DEBUG PackageRelationshipCollection:307 - Parsing relationship: /xl/worksheets/_rels/sheet1.xml.rels
2025-06-01 19:14:41 DEBUG PackageRelationshipCollection:307 - Parsing relationship: /_rels/.rels
2025-06-01 19:14:41 DEBUG POIXMLFactory:65 - using default POIXMLDocumentPart for http://schemas.openxmlformats.org/officeDocument/2006/relationships/printerSettings
2025-06-01 19:14:41 DEBUG PackageRelationshipCollection:307 - Parsing relationship: /xl/_rels/workbook.xml.rels
2025-06-01 19:14:41 DEBUG PackageRelationshipCollection:307 - Parsing relationship: /xl/worksheets/_rels/sheet1.xml.rels
2025-06-01 19:14:41 DEBUG PackageRelationshipCollection:307 - Parsing relationship: /_rels/.rels
2025-06-01 19:14:41 DEBUG POIXMLFactory:65 - using default POIXMLDocumentPart for http://schemas.openxmlformats.org/officeDocument/2006/relationships/printerSettings
2025-06-01 19:14:41 INFO  TC_003_Login:14 - **** Starting TC_003_LoginDDT *****
2025-06-01 19:14:42 INFO  TC_003_Login:61 - **** Finished TC_003_LoginDDT *****
2025-06-01 19:14:42 INFO  TC_003_Login:14 - **** Starting TC_003_LoginDDT *****
2025-06-01 19:14:52 INFO  TC_003_Login:14 - **** Starting TC_003_LoginDDT *****
2025-06-01 19:14:56 INFO  TC_003_Login:14 - **** Starting TC_003_LoginDDT *****
2025-06-01 19:15:06 INFO  TC_003_Login:14 - **** Starting TC_003_LoginDDT *****
2025-06-01 19:15:08 INFO  TC_003_Login:61 - **** Finished TC_003_LoginDDT *****
2025-06-01 19:43:21 INFO  TC001_AccountRegistrationTest:16 - **** Starting Test Case***
2025-06-01 19:43:21 INFO  TC001_AccountRegistrationTest:21 - **** Entered to the registration page ***
2025-06-01 19:43:22 INFO  TC001_AccountRegistrationTest:35 - **** Validating account creation message***
2025-06-01 19:43:22 INFO  TC001_AccountRegistrationTest:52 - **** Completed the test case***
2025-06-01 19:43:24 INFO  TC002_LoginTest:14 - *** Started login****
2025-06-01 19:43:26 INFO  TC002_LoginTest:30 - Completed this second test case
2025-06-01 19:43:28 DEBUG PackageRelationshipCollection:307 - Parsing relationship: /xl/_rels/workbook.xml.rels
2025-06-01 19:43:28 DEBUG PackageRelationshipCollection:307 - Parsing relationship: /xl/worksheets/_rels/sheet1.xml.rels
2025-06-01 19:43:28 DEBUG PackageRelationshipCollection:307 - Parsing relationship: /_rels/.rels
2025-06-01 19:43:28 DEBUG POIXMLFactory:65 - using default POIXMLDocumentPart for http://schemas.openxmlformats.org/officeDocument/2006/relationships/printerSettings
2025-06-01 19:43:28 DEBUG PackageRelationshipCollection:307 - Parsing relationship: /xl/_rels/workbook.xml.rels
2025-06-01 19:43:28 DEBUG PackageRelationshipCollection:307 - Parsing relationship: /xl/worksheets/_rels/sheet1.xml.rels
2025-06-01 19:43:28 DEBUG PackageRelationshipCollection:307 - Parsing relationship: /_rels/.rels
2025-06-01 19:43:28 DEBUG POIXMLFactory:65 - using default POIXMLDocumentPart for http://schemas.openxmlformats.org/officeDocument/2006/relationships/printerSettings
2025-06-01 19:43:28 DEBUG PackageRelationshipCollection:307 - Parsing relationship: /xl/_rels/workbook.xml.rels
2025-06-01 19:43:28 DEBUG PackageRelationshipCollection:307 - Parsing relationship: /xl/worksheets/_rels/sheet1.xml.rels
2025-06-01 19:43:28 DEBUG PackageRelationshipCollection:307 - Parsing relationship: /_rels/.rels
2025-06-01 19:43:28 DEBUG POIXMLFactory:65 - using default POIXMLDocumentPart for http://schemas.openxmlformats.org/officeDocument/2006/relationships/printerSettings
2025-06-01 19:43:28 DEBUG PackageRelationshipCollection:307 - Parsing relationship: /xl/_rels/workbook.xml.rels
2025-06-01 19:43:28 DEBUG PackageRelationshipCollection:307 - Parsing relationship: /xl/worksheets/_rels/sheet1.xml.rels
2025-06-01 19:43:28 DEBUG PackageRelationshipCollection:307 - Parsing relationship: /_rels/.rels
2025-06-01 19:43:28 DEBUG POIXMLFactory:65 - using default POIXMLDocumentPart for http://schemas.openxmlformats.org/officeDocument/2006/relationships/printerSettings
2025-06-01 19:43:28 DEBUG PackageRelationshipCollection:307 - Parsing relationship: /xl/_rels/workbook.xml.rels
2025-06-01 19:43:28 DEBUG PackageRelationshipCollection:307 - Parsing relationship: /xl/worksheets/_rels/sheet1.xml.rels
2025-06-01 19:43:28 DEBUG PackageRelationshipCollection:307 - Parsing relationship: /_rels/.rels
2025-06-01 19:43:28 DEBUG POIXMLFactory:65 - using default POIXMLDocumentPart for http://schemas.openxmlformats.org/officeDocument/2006/relationships/printerSettings
2025-06-01 19:43:28 DEBUG PackageRelationshipCollection:307 - Parsing relationship: /xl/_rels/workbook.xml.rels
2025-06-01 19:43:28 DEBUG PackageRelationshipCollection:307 - Parsing relationship: /xl/worksheets/_rels/sheet1.xml.rels
2025-06-01 19:43:28 DEBUG PackageRelationshipCollection:307 - Parsing relationship: /_rels/.rels
2025-06-01 19:43:28 DEBUG POIXMLFactory:65 - using default POIXMLDocumentPart for http://schemas.openxmlformats.org/officeDocument/2006/relationships/printerSettings
2025-06-01 19:43:28 DEBUG PackageRelationshipCollection:307 - Parsing relationship: /xl/_rels/workbook.xml.rels
2025-06-01 19:43:28 DEBUG PackageRelationshipCollection:307 - Parsing relationship: /xl/worksheets/_rels/sheet1.xml.rels
2025-06-01 19:43:28 DEBUG PackageRelationshipCollection:307 - Parsing relationship: /_rels/.rels
2025-06-01 19:43:28 DEBUG POIXMLFactory:65 - using default POIXMLDocumentPart for http://schemas.openxmlformats.org/officeDocument/2006/relationships/printerSettings
2025-06-01 19:43:28 DEBUG PackageRelationshipCollection:307 - Parsing relationship: /xl/_rels/workbook.xml.rels
2025-06-01 19:43:28 DEBUG PackageRelationshipCollection:307 - Parsing relationship: /xl/worksheets/_rels/sheet1.xml.rels
2025-06-01 19:43:28 DEBUG PackageRelationshipCollection:307 - Parsing relationship: /_rels/.rels
2025-06-01 19:43:28 DEBUG POIXMLFactory:65 - using default POIXMLDocumentPart for http://schemas.openxmlformats.org/officeDocument/2006/relationships/printerSettings
2025-06-01 19:43:28 DEBUG PackageRelationshipCollection:307 - Parsing relationship: /xl/_rels/workbook.xml.rels
2025-06-01 19:43:28 DEBUG PackageRelationshipCollection:307 - Parsing relationship: /xl/worksheets/_rels/sheet1.xml.rels
2025-06-01 19:43:28 DEBUG PackageRelationshipCollection:307 - Parsing relationship: /_rels/.rels
2025-06-01 19:43:28 DEBUG POIXMLFactory:65 - using default POIXMLDocumentPart for http://schemas.openxmlformats.org/officeDocument/2006/relationships/printerSettings
2025-06-01 19:43:28 DEBUG PackageRelationshipCollection:307 - Parsing relationship: /xl/_rels/workbook.xml.rels
2025-06-01 19:43:28 DEBUG PackageRelationshipCollection:307 - Parsing relationship: /xl/worksheets/_rels/sheet1.xml.rels
2025-06-01 19:43:28 DEBUG PackageRelationshipCollection:307 - Parsing relationship: /_rels/.rels
2025-06-01 19:43:28 DEBUG POIXMLFactory:65 - using default POIXMLDocumentPart for http://schemas.openxmlformats.org/officeDocument/2006/relationships/printerSettings
2025-06-01 19:43:28 DEBUG PackageRelationshipCollection:307 - Parsing relationship: /xl/_rels/workbook.xml.rels
2025-06-01 19:43:28 DEBUG PackageRelationshipCollection:307 - Parsing relationship: /xl/worksheets/_rels/sheet1.xml.rels
2025-06-01 19:43:28 DEBUG PackageRelationshipCollection:307 - Parsing relationship: /_rels/.rels
2025-06-01 19:43:28 DEBUG POIXMLFactory:65 - using default POIXMLDocumentPart for http://schemas.openxmlformats.org/officeDocument/2006/relationships/printerSettings
2025-06-01 19:43:28 DEBUG PackageRelationshipCollection:307 - Parsing relationship: /xl/_rels/workbook.xml.rels
2025-06-01 19:43:28 DEBUG PackageRelationshipCollection:307 - Parsing relationship: /xl/worksheets/_rels/sheet1.xml.rels
2025-06-01 19:43:28 DEBUG PackageRelationshipCollection:307 - Parsing relationship: /_rels/.rels
2025-06-01 19:43:28 DEBUG POIXMLFactory:65 - using default POIXMLDocumentPart for http://schemas.openxmlformats.org/officeDocument/2006/relationships/printerSettings
2025-06-01 19:43:28 DEBUG PackageRelationshipCollection:307 - Parsing relationship: /xl/_rels/workbook.xml.rels
2025-06-01 19:43:28 DEBUG PackageRelationshipCollection:307 - Parsing relationship: /xl/worksheets/_rels/sheet1.xml.rels
2025-06-01 19:43:28 DEBUG PackageRelationshipCollection:307 - Parsing relationship: /_rels/.rels
2025-06-01 19:43:28 DEBUG POIXMLFactory:65 - using default POIXMLDocumentPart for http://schemas.openxmlformats.org/officeDocument/2006/relationships/printerSettings
2025-06-01 19:43:28 DEBUG PackageRelationshipCollection:307 - Parsing relationship: /xl/_rels/workbook.xml.rels
2025-06-01 19:43:28 DEBUG PackageRelationshipCollection:307 - Parsing relationship: /xl/worksheets/_rels/sheet1.xml.rels
2025-06-01 19:43:28 DEBUG PackageRelationshipCollection:307 - Parsing relationship: /_rels/.rels
2025-06-01 19:43:28 DEBUG POIXMLFactory:65 - using default POIXMLDocumentPart for http://schemas.openxmlformats.org/officeDocument/2006/relationships/printerSettings
2025-06-01 19:43:28 DEBUG PackageRelationshipCollection:307 - Parsing relationship: /xl/_rels/workbook.xml.rels
2025-06-01 19:43:28 DEBUG PackageRelationshipCollection:307 - Parsing relationship: /xl/worksheets/_rels/sheet1.xml.rels
2025-06-01 19:43:28 DEBUG PackageRelationshipCollection:307 - Parsing relationship: /_rels/.rels
2025-06-01 19:43:28 DEBUG POIXMLFactory:65 - using default POIXMLDocumentPart for http://schemas.openxmlformats.org/officeDocument/2006/relationships/printerSettings
2025-06-01 19:43:28 DEBUG PackageRelationshipCollection:307 - Parsing relationship: /xl/_rels/workbook.xml.rels
2025-06-01 19:43:28 DEBUG PackageRelationshipCollection:307 - Parsing relationship: /xl/worksheets/_rels/sheet1.xml.rels
2025-06-01 19:43:28 DEBUG PackageRelationshipCollection:307 - Parsing relationship: /_rels/.rels
2025-06-01 19:43:28 DEBUG POIXMLFactory:65 - using default POIXMLDocumentPart for http://schemas.openxmlformats.org/officeDocument/2006/relationships/printerSettings
2025-06-01 19:43:29 DEBUG PackageRelationshipCollection:307 - Parsing relationship: /xl/_rels/workbook.xml.rels
2025-06-01 19:43:29 DEBUG PackageRelationshipCollection:307 - Parsing relationship: /xl/worksheets/_rels/sheet1.xml.rels
2025-06-01 19:43:29 DEBUG PackageRelationshipCollection:307 - Parsing relationship: /_rels/.rels
2025-06-01 19:43:29 DEBUG POIXMLFactory:65 - using default POIXMLDocumentPart for http://schemas.openxmlformats.org/officeDocument/2006/relationships/printerSettings
2025-06-01 19:43:29 INFO  TC_003_Login:14 - **** Starting TC_003_LoginDDT *****
2025-06-01 19:43:30 INFO  TC_003_Login:61 - **** Finished TC_003_LoginDDT *****
2025-06-01 19:43:30 INFO  TC_003_Login:14 - **** Starting TC_003_LoginDDT *****
2025-06-01 19:43:40 INFO  TC_003_Login:14 - **** Starting TC_003_LoginDDT *****
2025-06-01 19:43:41 INFO  TC_003_Login:14 - **** Starting TC_003_LoginDDT *****
2025-06-01 19:43:51 INFO  TC_003_Login:14 - **** Starting TC_003_LoginDDT *****
2025-06-01 19:43:53 INFO  TC_003_Login:61 - **** Finished TC_003_LoginDDT *****
2025-06-01 23:33:16 INFO  TC001_AccountRegistrationTest:16 - **** Starting Test Case***
2025-06-01 23:33:17 INFO  TC001_AccountRegistrationTest:21 - **** Entered to the registration page ***
2025-06-01 23:33:18 INFO  TC001_AccountRegistrationTest:35 - **** Validating account creation message***
2025-06-01 23:33:18 INFO  TC001_AccountRegistrationTest:52 - **** Completed the test case***
2025-06-01 23:33:19 INFO  TC002_LoginTest:14 - *** Started login****
2025-06-01 23:33:21 INFO  TC002_LoginTest:30 - Completed this second test case
2025-06-01 23:33:23 DEBUG PackageRelationshipCollection:307 - Parsing relationship: /xl/_rels/workbook.xml.rels
2025-06-01 23:33:23 DEBUG PackageRelationshipCollection:307 - Parsing relationship: /xl/worksheets/_rels/sheet1.xml.rels
2025-06-01 23:33:23 DEBUG PackageRelationshipCollection:307 - Parsing relationship: /_rels/.rels
2025-06-01 23:33:23 DEBUG POIXMLFactory:65 - using default POIXMLDocumentPart for http://schemas.openxmlformats.org/officeDocument/2006/relationships/printerSettings
2025-06-01 23:33:23 DEBUG PackageRelationshipCollection:307 - Parsing relationship: /xl/_rels/workbook.xml.rels
2025-06-01 23:33:23 DEBUG PackageRelationshipCollection:307 - Parsing relationship: /xl/worksheets/_rels/sheet1.xml.rels
2025-06-01 23:33:23 DEBUG PackageRelationshipCollection:307 - Parsing relationship: /_rels/.rels
2025-06-01 23:33:23 DEBUG POIXMLFactory:65 - using default POIXMLDocumentPart for http://schemas.openxmlformats.org/officeDocument/2006/relationships/printerSettings
2025-06-01 23:33:23 DEBUG PackageRelationshipCollection:307 - Parsing relationship: /xl/_rels/workbook.xml.rels
2025-06-01 23:33:23 DEBUG PackageRelationshipCollection:307 - Parsing relationship: /xl/worksheets/_rels/sheet1.xml.rels
2025-06-01 23:33:23 DEBUG PackageRelationshipCollection:307 - Parsing relationship: /_rels/.rels
2025-06-01 23:33:23 DEBUG POIXMLFactory:65 - using default POIXMLDocumentPart for http://schemas.openxmlformats.org/officeDocument/2006/relationships/printerSettings
2025-06-01 23:33:23 DEBUG PackageRelationshipCollection:307 - Parsing relationship: /xl/_rels/workbook.xml.rels
2025-06-01 23:33:23 DEBUG PackageRelationshipCollection:307 - Parsing relationship: /xl/worksheets/_rels/sheet1.xml.rels
2025-06-01 23:33:23 DEBUG PackageRelationshipCollection:307 - Parsing relationship: /_rels/.rels
2025-06-01 23:33:23 DEBUG POIXMLFactory:65 - using default POIXMLDocumentPart for http://schemas.openxmlformats.org/officeDocument/2006/relationships/printerSettings
2025-06-01 23:33:23 DEBUG PackageRelationshipCollection:307 - Parsing relationship: /xl/_rels/workbook.xml.rels
2025-06-01 23:33:23 DEBUG PackageRelationshipCollection:307 - Parsing relationship: /xl/worksheets/_rels/sheet1.xml.rels
2025-06-01 23:33:23 DEBUG PackageRelationshipCollection:307 - Parsing relationship: /_rels/.rels
2025-06-01 23:33:23 DEBUG POIXMLFactory:65 - using default POIXMLDocumentPart for http://schemas.openxmlformats.org/officeDocument/2006/relationships/printerSettings
2025-06-01 23:33:23 DEBUG PackageRelationshipCollection:307 - Parsing relationship: /xl/_rels/workbook.xml.rels
2025-06-01 23:33:23 DEBUG PackageRelationshipCollection:307 - Parsing relationship: /xl/worksheets/_rels/sheet1.xml.rels
2025-06-01 23:33:23 DEBUG PackageRelationshipCollection:307 - Parsing relationship: /_rels/.rels
2025-06-01 23:33:23 DEBUG POIXMLFactory:65 - using default POIXMLDocumentPart for http://schemas.openxmlformats.org/officeDocument/2006/relationships/printerSettings
2025-06-01 23:33:23 DEBUG PackageRelationshipCollection:307 - Parsing relationship: /xl/_rels/workbook.xml.rels
2025-06-01 23:33:23 DEBUG PackageRelationshipCollection:307 - Parsing relationship: /xl/worksheets/_rels/sheet1.xml.rels
2025-06-01 23:33:23 DEBUG PackageRelationshipCollection:307 - Parsing relationship: /_rels/.rels
2025-06-01 23:33:23 DEBUG POIXMLFactory:65 - using default POIXMLDocumentPart for http://schemas.openxmlformats.org/officeDocument/2006/relationships/printerSettings
2025-06-01 23:33:23 DEBUG PackageRelationshipCollection:307 - Parsing relationship: /xl/_rels/workbook.xml.rels
2025-06-01 23:33:23 DEBUG PackageRelationshipCollection:307 - Parsing relationship: /xl/worksheets/_rels/sheet1.xml.rels
2025-06-01 23:33:23 DEBUG PackageRelationshipCollection:307 - Parsing relationship: /_rels/.rels
2025-06-01 23:33:23 DEBUG POIXMLFactory:65 - using default POIXMLDocumentPart for http://schemas.openxmlformats.org/officeDocument/2006/relationships/printerSettings
2025-06-01 23:33:23 DEBUG PackageRelationshipCollection:307 - Parsing relationship: /xl/_rels/workbook.xml.rels
2025-06-01 23:33:23 DEBUG PackageRelationshipCollection:307 - Parsing relationship: /xl/worksheets/_rels/sheet1.xml.rels
2025-06-01 23:33:23 DEBUG PackageRelationshipCollection:307 - Parsing relationship: /_rels/.rels
2025-06-01 23:33:23 DEBUG POIXMLFactory:65 - using default POIXMLDocumentPart for http://schemas.openxmlformats.org/officeDocument/2006/relationships/printerSettings
2025-06-01 23:33:23 DEBUG PackageRelationshipCollection:307 - Parsing relationship: /xl/_rels/workbook.xml.rels
2025-06-01 23:33:23 DEBUG PackageRelationshipCollection:307 - Parsing relationship: /xl/worksheets/_rels/sheet1.xml.rels
2025-06-01 23:33:23 DEBUG PackageRelationshipCollection:307 - Parsing relationship: /_rels/.rels
2025-06-01 23:33:23 DEBUG POIXMLFactory:65 - using default POIXMLDocumentPart for http://schemas.openxmlformats.org/officeDocument/2006/relationships/printerSettings
2025-06-01 23:33:23 DEBUG PackageRelationshipCollection:307 - Parsing relationship: /xl/_rels/workbook.xml.rels
2025-06-01 23:33:23 DEBUG PackageRelationshipCollection:307 - Parsing relationship: /xl/worksheets/_rels/sheet1.xml.rels
2025-06-01 23:33:23 DEBUG PackageRelationshipCollection:307 - Parsing relationship: /_rels/.rels
2025-06-01 23:33:23 DEBUG POIXMLFactory:65 - using default POIXMLDocumentPart for http://schemas.openxmlformats.org/officeDocument/2006/relationships/printerSettings
2025-06-01 23:33:23 DEBUG PackageRelationshipCollection:307 - Parsing relationship: /xl/_rels/workbook.xml.rels
2025-06-01 23:33:23 DEBUG PackageRelationshipCollection:307 - Parsing relationship: /xl/worksheets/_rels/sheet1.xml.rels
2025-06-01 23:33:23 DEBUG PackageRelationshipCollection:307 - Parsing relationship: /_rels/.rels
2025-06-01 23:33:23 DEBUG POIXMLFactory:65 - using default POIXMLDocumentPart for http://schemas.openxmlformats.org/officeDocument/2006/relationships/printerSettings
2025-06-01 23:33:23 DEBUG PackageRelationshipCollection:307 - Parsing relationship: /xl/_rels/workbook.xml.rels
2025-06-01 23:33:23 DEBUG PackageRelationshipCollection:307 - Parsing relationship: /xl/worksheets/_rels/sheet1.xml.rels
2025-06-01 23:33:23 DEBUG PackageRelationshipCollection:307 - Parsing relationship: /_rels/.rels
2025-06-01 23:33:23 DEBUG POIXMLFactory:65 - using default POIXMLDocumentPart for http://schemas.openxmlformats.org/officeDocument/2006/relationships/printerSettings
2025-06-01 23:33:23 DEBUG PackageRelationshipCollection:307 - Parsing relationship: /xl/_rels/workbook.xml.rels
2025-06-01 23:33:23 DEBUG PackageRelationshipCollection:307 - Parsing relationship: /xl/worksheets/_rels/sheet1.xml.rels
2025-06-01 23:33:23 DEBUG PackageRelationshipCollection:307 - Parsing relationship: /_rels/.rels
2025-06-01 23:33:24 DEBUG POIXMLFactory:65 - using default POIXMLDocumentPart for http://schemas.openxmlformats.org/officeDocument/2006/relationships/printerSettings
2025-06-01 23:33:24 DEBUG PackageRelationshipCollection:307 - Parsing relationship: /xl/_rels/workbook.xml.rels
2025-06-01 23:33:24 DEBUG PackageRelationshipCollection:307 - Parsing relationship: /xl/worksheets/_rels/sheet1.xml.rels
2025-06-01 23:33:24 DEBUG PackageRelationshipCollection:307 - Parsing relationship: /_rels/.rels
2025-06-01 23:33:24 DEBUG POIXMLFactory:65 - using default POIXMLDocumentPart for http://schemas.openxmlformats.org/officeDocument/2006/relationships/printerSettings
2025-06-01 23:33:24 DEBUG PackageRelationshipCollection:307 - Parsing relationship: /xl/_rels/workbook.xml.rels
2025-06-01 23:33:24 DEBUG PackageRelationshipCollection:307 - Parsing relationship: /xl/worksheets/_rels/sheet1.xml.rels
2025-06-01 23:33:24 DEBUG PackageRelationshipCollection:307 - Parsing relationship: /_rels/.rels
2025-06-01 23:33:24 DEBUG POIXMLFactory:65 - using default POIXMLDocumentPart for http://schemas.openxmlformats.org/officeDocument/2006/relationships/printerSettings
2025-06-01 23:33:24 DEBUG PackageRelationshipCollection:307 - Parsing relationship: /xl/_rels/workbook.xml.rels
2025-06-01 23:33:24 DEBUG PackageRelationshipCollection:307 - Parsing relationship: /xl/worksheets/_rels/sheet1.xml.rels
2025-06-01 23:33:24 DEBUG PackageRelationshipCollection:307 - Parsing relationship: /_rels/.rels
2025-06-01 23:33:24 DEBUG POIXMLFactory:65 - using default POIXMLDocumentPart for http://schemas.openxmlformats.org/officeDocument/2006/relationships/printerSettings
2025-06-01 23:33:24 INFO  TC_003_Login:14 - **** Starting TC_003_LoginDDT *****
2025-06-01 23:33:25 INFO  TC_003_Login:61 - **** Finished TC_003_LoginDDT *****
2025-06-01 23:33:25 INFO  TC_003_Login:14 - **** Starting TC_003_LoginDDT *****
2025-06-01 23:33:35 INFO  TC_003_Login:14 - **** Starting TC_003_LoginDDT *****
2025-06-01 23:33:37 INFO  TC_003_Login:14 - **** Starting TC_003_LoginDDT *****
2025-06-01 23:33:47 INFO  TC_003_Login:14 - **** Starting TC_003_LoginDDT *****
2025-06-01 23:33:48 INFO  TC_003_Login:61 - **** Finished TC_003_LoginDDT *****
2025-06-01 23:34:20 INFO  TC001_AccountRegistrationTest:16 - **** Starting Test Case***
2025-06-01 23:34:20 INFO  TC001_AccountRegistrationTest:21 - **** Entered to the registration page ***
2025-06-01 23:34:21 INFO  TC001_AccountRegistrationTest:35 - **** Validating account creation message***
2025-06-01 23:34:22 INFO  TC001_AccountRegistrationTest:52 - **** Completed the test case***
2025-06-01 23:34:23 INFO  TC002_LoginTest:14 - *** Started login****
2025-06-01 23:34:25 INFO  TC002_LoginTest:30 - Completed this second test case
